<?xml version="1.0" encoding="UTF-8"?>
<testng-results ignored="0" total="3" passed="3" failed="0" skipped="0">
  <reporter-output>
  </reporter-output>
  <suite started-at="2023-11-22T11:11:30 IST" name="Default suite" finished-at="2023-11-22T11:11:37 IST" duration-ms="7120">
    <groups>
    </groups>
    <test started-at="2023-11-22T11:11:30 IST" name="Default test" finished-at="2023-11-22T11:11:37 IST" duration-ms="7120">
      <class name="pac1.verify">
        <test-method is-config="true" signature="setUp()[pri:0, instance:pac1.verify@8f4ea7c]" started-at="2023-11-22T11:11:30 IST" name="setUp" finished-at="2023-11-22T11:11:33 IST" duration-ms="2858" status="PASS">
          <reporter-output>
          </reporter-output>
        </test-method> <!-- setUp -->
        <test-method signature="navigateToDynamicTablePage()[pri:1, instance:pac1.verify@8f4ea7c]" started-at="2023-11-22T11:11:33 IST" name="navigateToDynamicTablePage" finished-at="2023-11-22T11:11:34 IST" duration-ms="1082" status="PASS">
          <reporter-output>
          </reporter-output>
        </test-method> <!-- navigateToDynamicTablePage -->
        <test-method signature="insertDataAndRefreshTable()[pri:2, instance:pac1.verify@8f4ea7c]" started-at="2023-11-22T11:11:34 IST" name="insertDataAndRefreshTable" finished-at="2023-11-22T11:11:37 IST" duration-ms="2529" status="PASS">
          <reporter-output>
          </reporter-output>
        </test-method> <!-- insertDataAndRefreshTable -->
        <test-method signature="compareTableWithData()[pri:3, instance:pac1.verify@8f4ea7c]" started-at="2023-11-22T11:11:37 IST" name="compareTableWithData" finished-at="2023-11-22T11:11:37 IST" duration-ms="445" status="PASS">
          <reporter-output>
          </reporter-output>
        </test-method> <!-- compareTableWithData -->
        <test-method is-config="true" signature="tearDown()[pri:0, instance:pac1.verify@8f4ea7c]" started-at="2023-11-22T11:11:37 IST" name="tearDown" finished-at="2023-11-22T11:11:37 IST" duration-ms="120" status="PASS">
          <reporter-output>
          </reporter-output>
        </test-method> <!-- tearDown -->
      </class> <!-- pac1.verify -->
    </test> <!-- Default test -->
  </suite> <!-- Default suite -->
</testng-results>
