<?xml version="1.0" encoding="UTF-8"?>
<!-- Generated by org.testng.reporters.JUnitXMLReporter -->
<testsuite ignored="0" hostname="LAPTOP-6I2ERQM6" failures="0" tests="3" name="Default test" time="7.12" errors="0" timestamp="2023-11-22T11:11:37 IST">
  <testcase classname="pac1.verify" name="navigateToDynamicTablePage" time="1.082"/>
  <testcase classname="pac1.verify" name="insertDataAndRefreshTable" time="2.529"/>
  <testcase classname="pac1.verify" name="compareTableWithData" time="0.445"/>
</testsuite> <!-- Default test -->
